<?xml version="1.0" encoding="UTF-8"?>
<!-- Generated by org.testng.reporters.JUnitXMLReporter -->
<testsuite ignored="0" hostname="DESKTOP-0E89984" failures="1" tests="11" name="UI Automation" time="79.66" errors="0" timestamp="26 Feb 2023 22:58:09 GMT">
  <testcase classname="tests.SauceDemoTests" name="loginWithInvalidPassword" time="0.882"/>
  <testcase classname="tests.SauceDemoTests" name="verifyAddToCartFunctionality" time="1.002"/>
  <testcase classname="tests.SauceDemoTests" name="verifyCheckOutTotal" time="1.354"/>
  <testcase classname="tests.SauceDemoTests" name="verifyLoginFunctionalityNegative" time="0.634"/>
  <testcase classname="tests.SauceDemoTests" name="verifyRemoveBtnOnCartFunctionality" time="1.101"/>
  <testcase classname="tests.BlazeDemoTests" name="verifyDestinationCities" time="1.111"/>
  <testcase classname="tests.BlazeDemoTests" name="verifyDestinationOfTheWeek" time="1.127"/>
  <testcase classname="tests.BlazeDemoTests" name="verifyFlightInfo" time="1.809">
    <failure type="java.lang.AssertionError" message="The following asserts failed:
	expected [Virgin America] but found [United],
	expected [43] but found [UA954],
	expected [472.56] but found [400]">
      <![CDATA[java.lang.AssertionError: The following asserts failed:
expected [Virgin America] but found [United],
expected [43] but found [UA954],
expected [472.56] but found [400]
at tests.BlazeDemoTests.verifyFlightInfo(BlazeDemoTests.java:72)
... Removed 28 stack frames]]>
    </failure>
  </testcase> <!-- verifyFlightInfo -->
  <testcase classname="tests.StoreAppTests" name="verifyCreateAccount" time="6.893"/>
  <testcase classname="tests.StoreAppTests" name="verifyCreateAccount" time="6.386"/>
  <testcase classname="tests.StoreAppTests" name="verifyCreateAccount" time="5.672"/>
</testsuite> <!-- UI Automation -->
